<?xml version="1.0" encoding="UTF-8"?>
<beans xmlns="http://www.springframework.org/schema/beans"
	xmlns:xsi="http://www.w3.org/2001/XMLSchema-instance"
	xmlns:context="http://www.springframework.org/schema/context"
	xsi:schemaLocation="
    http://www.springframework.org/schema/beans
    http://www.springframework.org/schema/beans/spring-beans.xsd
    http://www.springframework.org/schema/context
    http://www.springframework.org/schema/context/spring-context.xsd">

	<context:annotation-config />
	<context:component-scan
		base-package="com.zm.common.jpa.xxx.xxx" />

	<bean
		class="com.zm.common.jpa.support.group.DefaultPersistenceXmlLocationConfigure">
		<property name="group" value="group1" />
		<property name="persistenceXmlLocations"
			value="classpath:/META-INF/persistence2.xml" />
	</bean>
</beans>